Build started 3/31/2014 5:52:11 PM.
     1>Project "C:\SourceMod\mp\src\fgdlib\fgdlib.vcxproj" on node 2 (build target(s)).
     1>InitializeBuildStatus:
         Creating ".\Debug\.\Fgdlib.unsuccessfulbuild" because "AlwaysCreate" was specified.
       PreBuildEvent:
         if EXIST ..\lib\public\.\fgdlib.lib ( for /f "delims=" %%A in ('attrib "..\lib\public\.\fgdlib.lib"') do set valveTmpIsReadOnly="%%A"
         ) else ( if not EXIST ..\lib\public\. mkdir ..\lib\public\. )
         set valveTmpIsReadOnlyLetter=%valveTmpIsReadOnly:~6,1%
         if "%valveTmpIsReadOnlyLetter%"=="R" (
             attrib -r ..\lib\public\.\fgdlib.lib
             ..\devtools\bin\gnu\touch.exe -d "1999-01-01" ..\lib\public\.\fgdlib.lib
             attrib +r ..\lib\public\.\fgdlib.lib
         )
         if exist "..\devtools\bin\vpc.exe" "..\devtools\bin\vpc.exe" -crc2 "fgdlib.vcxproj"
         if ERRORLEVEL 1 exit /b 1
         
         :VCEnd
       CustomBuild:
         Running VPC CRC Check - fgdlib.vpc
       ClCompile:
         C:\Program Files (x86)\Microsoft Visual Studio 10.0\VC\bin\CL.exe /c /I..\common /I..\public /I..\public\tier0 /I..\public\tier1 /I..\utils\common /ZI /nologo /W4 /WX- /MP /Od /Oy- /D VPC /D RAD_TELEMETRY_DISABLED /D _HAS_ITERATOR_DEBUGGING=0 /D WIN32 /D _WIN32 /D _DEBUG /D DEBUG /D _LIB /D _CRT_SECURE_NO_DEPRECATE /D _CRT_NONSTDC_NO_DEPRECATE /D _ALLOW_RUNTIME_LIBRARY_MISMATCH /D _ALLOW_ITERATOR_DEBUG_LEVEL_MISMATCH /D _ALLOW_MSC_VER_MISMATCH /D _MBCS /D COMPILER_MSVC32 /D COMPILER_MSVC32 /D COMPILER_MSVC /D _DLL_EXT=.dll /D LIBNAME=fgdlib /D BINK_VIDEO /D AVI_VIDEO /D WMV_VIDEO /D DEV_BUILD /D FRAME_POINTER_OMISSION_DISABLED /D _EXTERNAL_DLL_EXT=.dll /D VPCGAMECAPS=HL2MP /D PROJECTDIR=C:\SourceMod\mp\src\fgdlib /D _DLL_EXT=.dll /D VPCGAME=hl2mp /D SOURCE1=1 /GF /Gm- /MTd /GS /arch:SSE /fp:fast /Zc:wchar_t /Zc:forScope /GR /openmp- /Fo".\Debug\.\/" /Fd".\Debug\.\/vc100.pdb" /Gd /TP /analyze- /FC /errorReport:prompt gamedata.cpp gdclass.cpp gdvar.cpp inputoutput.cpp wckeyvalues.cpp
         gamedata.cpp
         gdclass.cpp
         gdvar.cpp
         inputoutput.cpp
         wckeyvalues.cpp
       Lib:
         C:\Program Files (x86)\Microsoft Visual Studio 10.0\VC\bin\Lib.exe /OUT:"..\lib\public\.\fgdlib.lib" /NOLOGO .\Debug\.\/gamedata.obj
         .\Debug\.\/gdclass.obj
         .\Debug\.\/gdvar.obj
         .\Debug\.\/inputoutput.obj
         .\Debug\.\/wckeyvalues.obj  /ignore:4221
         fgdlib.vcxproj -> C:\SourceMod\mp\src\fgdlib\..\lib\public\.\fgdlib.lib
       FinalizeBuildStatus:
         Deleting file ".\Debug\.\Fgdlib.unsuccessfulbuild".
         Touching ".\Debug\.\Fgdlib.lastbuildstate".
     1>Done Building Project "C:\SourceMod\mp\src\fgdlib\fgdlib.vcxproj" (build target(s)).

Build succeeded.

Time Elapsed 00:00:06.38
